{
  level: 'error',
  message: 'Some error',
  stack: 'Error: Some error\n' +
    '    at Object.<anonymous> (C:\\Users\\haile\\2f-admin-merge\\src\\utils\\winston.ts:19:11)\n' +
    '    at Module._compile (node:internal/modules/cjs/loader:1460:14)\n' +
    '    at Module.m._compile (C:\\Users\\haile\\AppData\\Roaming\\npm\\node_modules\\ts-node\\src\\index.ts:1618:23)\n' +
    '    at Module._extensions..js (node:internal/modules/cjs/loader:1544:10)\n' +
    '    at Object.require.extensions.<computed> [as .ts] (C:\\Users\\haile\\AppData\\Roaming\\npm\\node_modules\\ts-node\\src\\index.ts:1621:12)\n' +
    '    at Module.load (node:internal/modules/cjs/loader:1275:32)\n' +
    '    at Function.Module._load (node:internal/modules/cjs/loader:1091:12)\n' +
    '    at wrapModuleLoad (node:internal/modules/cjs/loader:212:19)\n' +
    '    at Function.executeUserEntryPoint [as runMain] (node:internal/modules/run_main:158:5)\n' +
    '    at phase4 (C:\\Users\\haile\\AppData\\Roaming\\npm\\node_modules\\ts-node\\src\\bin.ts:649:14)',
  timestamp: '2024-06-28T08:57:12.798Z'
}
{
  message: 'Some info message',
  level: 'info',
  timestamp: '2024-06-28T08:57:12.809Z'
}
