{
  level: 'error',
  message: 'Some error',
  stack: 'Error: Some error\n' +
    '    at eval (webpack-internal:///(action-browser)/./src/utils/winston.ts:44:11)\n' +
    '    at Module.(action-browser)/./src/utils/winston.ts (C:\\Users\\haile\\2f-admin-merge\\.next\\server\\app\\admin\\page.js:1175:1)\n' +
    '    at __webpack_require__ (C:\\Users\\haile\\2f-admin-merge\\.next\\server\\webpack-runtime.js:33:43)\n' +
    '    at eval (webpack-internal:///(action-browser)/./src/actions/userActions.tsx:21:72)\n' +
    '    at Module.(action-browser)/./src/actions/userActions.tsx (C:\\Users\\haile\\2f-admin-merge\\.next\\server\\app\\admin\\page.js:742:1)\n' +
    '    at Function.__webpack_require__ (C:\\Users\\haile\\2f-admin-merge\\.next\\server\\webpack-runtime.js:33:43)\n' +
    '    at processTicksAndRejections (node:internal/process/task_queues:95:5)\n' +
    '    at async endpoint (webpack-internal:///(action-browser)/./node_modules/next/dist/build/webpack/loaders/next-flight-action-entry-loader.js?actions=%5B%5B%22C%3A%5C%5CUsers%5C%5Chaile%5C%5C2f-admin-merge%5C%5Csrc%5C%5Cactions%5C%5CchannelAction.ts%22%2C%5B%22countChannels%22%2C%22getChannelById%22%2C%22fetchChannels%22%2C%22allChannels%22%2C%22updateChannel%22%2C%22deleteChannel%22%2C%22createChannel%22%5D%5D%2C%5B%22C%3A%5C%5CUsers%5C%5Chaile%5C%5C2f-admin-merge%5C%5Csrc%5C%5Cactions%5C%5CprogramActions.tsx%22%2C%5B%22getProgramById%22%2C%22countPrograms%22%2C%22deleteProgram%22%2C%22updateProgram%22%2C%22createProgram%22%2C%22fetchPrograms%22%2C%22allPrograms%22%5D%5D%2C%5B%22C%3A%5C%5CUsers%5C%5Chaile%5C%5C2f-admin-merge%5C%5Csrc%5C%5Cactions%5C%5CuserActions.tsx%22%2C%5B%22updateUser%22%2C%22deleteUser%22%2C%22getAllPermissions%22%2C%22usersCount%22%2C%22getUser%22%2C%22createUser%22%2C%22createRole%22%2C%22getAllUsers%22%2C%22getUserById%22%5D%5D%5D&__client_imported__=true!:29:18)\n' +
    '    at async webpack://next/./dist/esm/server/app-render/action-handler.js:467:31\n' +
    '    at async rw (webpack://next/./dist/esm/server/app-render/action-handler.js:309:9)\n' +
    '    at async r4 (webpack://next/./dist/esm/server/app-render/app-render.js:827:33)\n' +
    '    at async doRender (C:\\Users\\haile\\2f-admin-merge\\node_modules\\next\\src\\server\\base-server.ts:2352:20)\n' +
    '    at async cacheEntry.responseCache.get.routeKind (C:\\Users\\haile\\2f-admin-merge\\node_modules\\next\\src\\server\\base-server.ts:2591:24)\n' +
    '    at async DevServer.renderToResponseWithComponentsImpl (C:\\Users\\haile\\2f-admin-merge\\node_modules\\next\\src\\server\\base-server.ts:2454:24)\n' +
    '    at async DevServer.renderPageComponent (C:\\Users\\haile\\2f-admin-merge\\node_modules\\next\\src\\server\\base-server.ts:3040:16)\n' +
    '    at async DevServer.renderToResponseImpl (C:\\Users\\haile\\2f-admin-merge\\node_modules\\next\\src\\server\\base-server.ts:3102:24)\n' +
    '    at async DevServer.pipeImpl (C:\\Users\\haile\\2f-admin-merge\\node_modules\\next\\src\\server\\base-server.ts:1544:21)\n' +
    '    at async DevServer.NextNodeServer.handleCatchallRenderRequest (C:\\Users\\haile\\2f-admin-merge\\node_modules\\next\\src\\server\\next-server.ts:1007:7)\n' +
    '    at async DevServer.handleRequestImpl (C:\\Users\\haile\\2f-admin-merge\\node_modules\\next\\src\\server\\base-server.ts:1325:9)\n' +
    '    at async C:\\Users\\haile\\2f-admin-merge\\node_modules\\next\\src\\server\\dev\\next-dev-server.ts:461:14\n' +
    '    at async Span.traceAsyncFn (C:\\Users\\haile\\2f-admin-merge\\node_modules\\next\\src\\trace\\trace.ts:141:14)\n' +
    '    at async DevServer.handleRequest (C:\\Users\\haile\\2f-admin-merge\\node_modules\\next\\src\\server\\dev\\next-dev-server.ts:459:20)\n' +
    '    at async invokeRender (C:\\Users\\haile\\2f-admin-merge\\node_modules\\next\\src\\server\\lib\\router-server.ts:266:11)\n' +
    '    at async handleRequest (C:\\Users\\haile\\2f-admin-merge\\node_modules\\next\\src\\server\\lib\\router-server.ts:512:16)\n' +
    '    at async NextCustomServer.requestHandlerImpl [as requestHandler] (C:\\Users\\haile\\2f-admin-merge\\node_modules\\next\\src\\server\\lib\\router-server.ts:558:7)',
  timestamp: '2024-07-03T12:48:34.458Z'
}
{
  message: 'Info Info',
  level: 'info',
  timestamp: '2024-07-03T12:48:34.477Z'
}
{
  level: 'error',
  message: 'Some error',
  stack: 'Error: Some error\n' +
    '    at eval (webpack-internal:///(rsc)/./src/utils/winston.ts:44:11)\n' +
    '    at Module.(rsc)/./src/utils/winston.ts (C:\\Users\\haile\\2f-admin-merge\\.next\\server\\app\\api\\auth\\[...nextauth]\\route.js:292:1)\n' +
    '    at __webpack_require__ (C:\\Users\\haile\\2f-admin-merge\\.next\\server\\webpack-runtime.js:33:43)\n' +
    '    at eval (webpack-internal:///(rsc)/./src/app/api/auth/[...nextauth]/options.ts:10:72)\n' +
    '    at Module.(rsc)/./src/app/api/auth/[...nextauth]/options.ts (C:\\Users\\haile\\2f-admin-merge\\.next\\server\\app\\api\\auth\\[...nextauth]\\route.js:262:1)\n' +
    '    at __webpack_require__ (C:\\Users\\haile\\2f-admin-merge\\.next\\server\\webpack-runtime.js:33:43)\n' +
    '    at eval (webpack-internal:///(rsc)/./src/app/api/auth/[...nextauth]/route.ts:8:66)\n' +
    '    at Module.(rsc)/./src/app/api/auth/[...nextauth]/route.ts (C:\\Users\\haile\\2f-admin-merge\\.next\\server\\app\\api\\auth\\[...nextauth]\\route.js:272:1)\n' +
    '    at __webpack_require__ (C:\\Users\\haile\\2f-admin-merge\\.next\\server\\webpack-runtime.js:33:43)\n' +
    '    at eval (webpack-internal:///(rsc)/./node_modules/next/dist/build/webpack/loaders/next-app-loader.js?name=app%2Fapi%2Fauth%2F%5B...nextauth%5D%2Froute&page=%2Fapi%2Fauth%2F%5B...nextauth%5D%2Froute&appPaths=&pagePath=private-next-app-dir%2Fapi%2Fauth%2F%5B...nextauth%5D%2Froute.ts&appDir=C%3A%5CUsers%5Chaile%5C2f-admin-merge%5Csrc%5Capp&pageExtensions=tsx&pageExtensions=ts&pageExtensions=jsx&pageExtensions=js&rootDir=C%3A%5CUsers%5Chaile%5C2f-admin-merge&isDev=true&tsconfigPath=tsconfig.json&basePath=&assetPrefix=&nextConfigOutput=&preferredRegion=&middlewareConfig=e30%3D!:15:121)\n' +
    '    at Module.(rsc)/./node_modules/next/dist/build/webpack/loaders/next-app-loader.js?name=app%2Fapi%2Fauth%2F%5B...nextauth%5D%2Froute&page=%2Fapi%2Fauth%2F%5B...nextauth%5D%2Froute&appPaths=&pagePath=private-next-app-dir%2Fapi%2Fauth%2F%5B...nextauth%5D%2Froute.ts&appDir=C%3A%5CUsers%5Chaile%5C2f-admin-merge%5Csrc%5Capp&pageExtensions=tsx&pageExtensions=ts&pageExtensions=jsx&pageExtensions=js&rootDir=C%3A%5CUsers%5Chaile%5C2f-admin-merge&isDev=true&tsconfigPath=tsconfig.json&basePath=&assetPrefix=&nextConfigOutput=&preferredRegion=&middlewareConfig=e30%3D! (C:\\Users\\haile\\2f-admin-merge\\.next\\server\\app\\api\\auth\\[...nextauth]\\route.js:252:1)\n' +
    '    at __webpack_require__ (C:\\Users\\haile\\2f-admin-merge\\.next\\server\\webpack-runtime.js:33:43)\n' +
    '    at __webpack_exec__ (C:\\Users\\haile\\2f-admin-merge\\.next\\server\\app\\api\\auth\\[...nextauth]\\route.js:302:39)\n' +
    '    at C:\\Users\\haile\\2f-admin-merge\\.next\\server\\app\\api\\auth\\[...nextauth]\\route.js:303:1109\n' +
    '    at Function.__webpack_require__.X (C:\\Users\\haile\\2f-admin-merge\\.next\\server\\webpack-runtime.js:163:12)\n' +
    '    at C:\\Users\\haile\\2f-admin-merge\\.next\\server\\app\\api\\auth\\[...nextauth]\\route.js:303:47\n' +
    '    at Object.<anonymous> (C:\\Users\\haile\\2f-admin-merge\\.next\\server\\app\\api\\auth\\[...nextauth]\\route.js:306:3)\n' +
    '    at Module._compile (node:internal/modules/cjs/loader:1460:14)\n' +
    '    at Module.m._compile (C:\\Users\\haile\\2f-admin-merge\\node_modules\\ts-node\\src\\index.ts:1618:23)\n' +
    '    at Module._extensions..js (node:internal/modules/cjs/loader:1544:10)\n' +
    '    at Object.require.extensions.<computed> [as .js] (C:\\Users\\haile\\2f-admin-merge\\node_modules\\ts-node\\src\\index.ts:1621:12)\n' +
    '    at Module.load (node:internal/modules/cjs/loader:1275:32)\n' +
    '    at Function.Module._load (node:internal/modules/cjs/loader:1091:12)\n' +
    '    at wrapModuleLoad (node:internal/modules/cjs/loader:212:19)\n' +
    '    at Module.call (node:internal/modules/cjs/loader:1297:12)\n' +
    '    at Module.mod.require (C:\\Users\\haile\\2f-admin-merge\\node_modules\\next\\src\\server\\require-hook.ts:70:26)\n' +
    '    at require (node:internal/modules/helpers:123:16)\n' +
    '    at requirePage (C:\\Users\\haile\\2f-admin-merge\\node_modules\\next\\src\\server\\require.ts:127:9)\n' +
    '    at C:\\Users\\haile\\2f-admin-merge\\node_modules\\next\\src\\server\\load-components.ts:191:16\n' +
    '    at async loadComponentsImpl (C:\\Users\\haile\\2f-admin-merge\\node_modules\\next\\src\\server\\load-components.ts:190:24)\n' +
    '    at async DevServer.findPageComponentsImpl (C:\\Users\\haile\\2f-admin-merge\\node_modules\\next\\src\\server\\next-server.ts:756:28)\n' +
    '    at async DevServer.findPageComponents (C:\\Users\\haile\\2f-admin-merge\\node_modules\\next\\src\\server\\dev\\next-dev-server.ts:835:14)\n' +
    '    at async DevServer.renderPageComponent (C:\\Users\\haile\\2f-admin-merge\\node_modules\\next\\src\\server\\base-server.ts:3027:20)\n' +
    '    at async DevServer.renderToResponseImpl (C:\\Users\\haile\\2f-admin-merge\\node_modules\\next\\src\\server\\base-server.ts:3102:24)\n' +
    '    at async DevServer.pipeImpl (C:\\Users\\haile\\2f-admin-merge\\node_modules\\next\\src\\server\\base-server.ts:1544:21)\n' +
    '    at async DevServer.NextNodeServer.handleCatchallRenderRequest (C:\\Users\\haile\\2f-admin-merge\\node_modules\\next\\src\\server\\next-server.ts:1007:7)\n' +
    '    at async DevServer.handleRequestImpl (C:\\Users\\haile\\2f-admin-merge\\node_modules\\next\\src\\server\\base-server.ts:1325:9)\n' +
    '    at async C:\\Users\\haile\\2f-admin-merge\\node_modules\\next\\src\\server\\dev\\next-dev-server.ts:461:14\n' +
    '    at async Span.traceAsyncFn (C:\\Users\\haile\\2f-admin-merge\\node_modules\\next\\src\\trace\\trace.ts:141:14)\n' +
    '    at async DevServer.handleRequest (C:\\Users\\haile\\2f-admin-merge\\node_modules\\next\\src\\server\\dev\\next-dev-server.ts:459:20)\n' +
    '    at async invokeRender (C:\\Users\\haile\\2f-admin-merge\\node_modules\\next\\src\\server\\lib\\router-server.ts:266:11)\n' +
    '    at async handleRequest (C:\\Users\\haile\\2f-admin-merge\\node_modules\\next\\src\\server\\lib\\router-server.ts:512:16)\n' +
    '    at async NextCustomServer.requestHandlerImpl [as requestHandler] (C:\\Users\\haile\\2f-admin-merge\\node_modules\\next\\src\\server\\lib\\router-server.ts:558:7)',
  timestamp: '2024-07-03T12:52:18.361Z'
}
{
  message: 'Info Info',
  level: 'info',
  timestamp: '2024-07-03T12:52:18.412Z'
}
{
  level: 'error',
  message: 'Some error',
  stack: 'Error: Some error\n' +
    '    at eval (webpack-internal:///(rsc)/./src/utils/winston.ts:44:11)\n' +
    '    at Module.(rsc)/./src/utils/winston.ts (C:\\Users\\haile\\2f-admin-merge\\.next\\server\\app\\api\\auth\\[...nextauth]\\route.js:292:1)\n' +
    '    at __webpack_require__ (C:\\Users\\haile\\2f-admin-merge\\.next\\server\\webpack-runtime.js:33:43)\n' +
    '    at eval (webpack-internal:///(rsc)/./src/app/api/auth/[...nextauth]/options.ts:10:72)\n' +
    '    at Module.(rsc)/./src/app/api/auth/[...nextauth]/options.ts (C:\\Users\\haile\\2f-admin-merge\\.next\\server\\app\\api\\auth\\[...nextauth]\\route.js:262:1)\n' +
    '    at __webpack_require__ (C:\\Users\\haile\\2f-admin-merge\\.next\\server\\webpack-runtime.js:33:43)\n' +
    '    at eval (webpack-internal:///(rsc)/./src/app/api/auth/[...nextauth]/route.ts:8:66)\n' +
    '    at Module.(rsc)/./src/app/api/auth/[...nextauth]/route.ts (C:\\Users\\haile\\2f-admin-merge\\.next\\server\\app\\api\\auth\\[...nextauth]\\route.js:272:1)\n' +
    '    at __webpack_require__ (C:\\Users\\haile\\2f-admin-merge\\.next\\server\\webpack-runtime.js:33:43)\n' +
    '    at eval (webpack-internal:///(rsc)/./node_modules/next/dist/build/webpack/loaders/next-app-loader.js?name=app%2Fapi%2Fauth%2F%5B...nextauth%5D%2Froute&page=%2Fapi%2Fauth%2F%5B...nextauth%5D%2Froute&appPaths=&pagePath=private-next-app-dir%2Fapi%2Fauth%2F%5B...nextauth%5D%2Froute.ts&appDir=C%3A%5CUsers%5Chaile%5C2f-admin-merge%5Csrc%5Capp&pageExtensions=tsx&pageExtensions=ts&pageExtensions=jsx&pageExtensions=js&rootDir=C%3A%5CUsers%5Chaile%5C2f-admin-merge&isDev=true&tsconfigPath=tsconfig.json&basePath=&assetPrefix=&nextConfigOutput=&preferredRegion=&middlewareConfig=e30%3D!:15:121)',
  timestamp: '2024-07-03T12:52:24.051Z'
}
{
  message: 'Info Info',
  level: 'info',
  timestamp: '2024-07-03T12:52:24.065Z'
}
{
  level: 'error',
  message: 'Some error',
  stack: 'Error: Some error\n' +
    '    at eval (webpack-internal:///(rsc)/./src/utils/winston.ts:44:11)\n' +
    '    at Module.(rsc)/./src/utils/winston.ts (C:\\Users\\haile\\2f-admin-merge\\.next\\server\\app\\api\\auth\\[...nextauth]\\route.js:292:1)\n' +
    '    at __webpack_require__ (C:\\Users\\haile\\2f-admin-merge\\.next\\server\\webpack-runtime.js:33:43)\n' +
    '    at eval (webpack-internal:///(rsc)/./src/app/api/auth/[...nextauth]/options.ts:10:72)\n' +
    '    at Module.(rsc)/./src/app/api/auth/[...nextauth]/options.ts (C:\\Users\\haile\\2f-admin-merge\\.next\\server\\app\\api\\auth\\[...nextauth]\\route.js:262:1)\n' +
    '    at __webpack_require__ (C:\\Users\\haile\\2f-admin-merge\\.next\\server\\webpack-runtime.js:33:43)\n' +
    '    at eval (webpack-internal:///(rsc)/./src/app/api/auth/[...nextauth]/route.ts:8:66)\n' +
    '    at Module.(rsc)/./src/app/api/auth/[...nextauth]/route.ts (C:\\Users\\haile\\2f-admin-merge\\.next\\server\\app\\api\\auth\\[...nextauth]\\route.js:272:1)\n' +
    '    at __webpack_require__ (C:\\Users\\haile\\2f-admin-merge\\.next\\server\\webpack-runtime.js:33:43)\n' +
    '    at eval (webpack-internal:///(rsc)/./node_modules/next/dist/build/webpack/loaders/next-app-loader.js?name=app%2Fapi%2Fauth%2F%5B...nextauth%5D%2Froute&page=%2Fapi%2Fauth%2F%5B...nextauth%5D%2Froute&appPaths=&pagePath=private-next-app-dir%2Fapi%2Fauth%2F%5B...nextauth%5D%2Froute.ts&appDir=C%3A%5CUsers%5Chaile%5C2f-admin-merge%5Csrc%5Capp&pageExtensions=tsx&pageExtensions=ts&pageExtensions=jsx&pageExtensions=js&rootDir=C%3A%5CUsers%5Chaile%5C2f-admin-merge&isDev=true&tsconfigPath=tsconfig.json&basePath=&assetPrefix=&nextConfigOutput=&preferredRegion=&middlewareConfig=e30%3D!:15:121)\n' +
    '    at Module.(rsc)/./node_modules/next/dist/build/webpack/loaders/next-app-loader.js?name=app%2Fapi%2Fauth%2F%5B...nextauth%5D%2Froute&page=%2Fapi%2Fauth%2F%5B...nextauth%5D%2Froute&appPaths=&pagePath=private-next-app-dir%2Fapi%2Fauth%2F%5B...nextauth%5D%2Froute.ts&appDir=C%3A%5CUsers%5Chaile%5C2f-admin-merge%5Csrc%5Capp&pageExtensions=tsx&pageExtensions=ts&pageExtensions=jsx&pageExtensions=js&rootDir=C%3A%5CUsers%5Chaile%5C2f-admin-merge&isDev=true&tsconfigPath=tsconfig.json&basePath=&assetPrefix=&nextConfigOutput=&preferredRegion=&middlewareConfig=e30%3D! (C:\\Users\\haile\\2f-admin-merge\\.next\\server\\app\\api\\auth\\[...nextauth]\\route.js:252:1)\n' +
    '    at __webpack_require__ (C:\\Users\\haile\\2f-admin-merge\\.next\\server\\webpack-runtime.js:33:43)\n' +
    '    at __webpack_exec__ (C:\\Users\\haile\\2f-admin-merge\\.next\\server\\app\\api\\auth\\[...nextauth]\\route.js:302:39)\n' +
    '    at C:\\Users\\haile\\2f-admin-merge\\.next\\server\\app\\api\\auth\\[...nextauth]\\route.js:303:1109\n' +
    '    at Function.__webpack_require__.X (C:\\Users\\haile\\2f-admin-merge\\.next\\server\\webpack-runtime.js:168:21)\n' +
    '    at C:\\Users\\haile\\2f-admin-merge\\.next\\server\\app\\api\\auth\\[...nextauth]\\route.js:303:47\n' +
    '    at Object.<anonymous> (C:\\Users\\haile\\2f-admin-merge\\.next\\server\\app\\api\\auth\\[...nextauth]\\route.js:306:3)\n' +
    '    at Module._compile (node:internal/modules/cjs/loader:1460:14)\n' +
    '    at Module.m._compile (C:\\Users\\haile\\2f-admin-merge\\node_modules\\ts-node\\src\\index.ts:1618:23)\n' +
    '    at Module._extensions..js (node:internal/modules/cjs/loader:1544:10)\n' +
    '    at Object.require.extensions.<computed> [as .js] (C:\\Users\\haile\\2f-admin-merge\\node_modules\\ts-node\\src\\index.ts:1621:12)\n' +
    '    at Module.load (node:internal/modules/cjs/loader:1275:32)\n' +
    '    at Function.Module._load (node:internal/modules/cjs/loader:1091:12)\n' +
    '    at wrapModuleLoad (node:internal/modules/cjs/loader:212:19)\n' +
    '    at Module.call (node:internal/modules/cjs/loader:1297:12)\n' +
    '    at Module.mod.require (C:\\Users\\haile\\2f-admin-merge\\node_modules\\next\\src\\server\\require-hook.ts:70:26)\n' +
    '    at require (node:internal/modules/helpers:123:16)\n' +
    '    at requirePage (C:\\Users\\haile\\2f-admin-merge\\node_modules\\next\\src\\server\\require.ts:127:9)\n' +
    '    at C:\\Users\\haile\\2f-admin-merge\\node_modules\\next\\src\\server\\load-components.ts:191:16\n' +
    '    at async loadComponentsImpl (C:\\Users\\haile\\2f-admin-merge\\node_modules\\next\\src\\server\\load-components.ts:190:24)\n' +
    '    at async DevServer.findPageComponentsImpl (C:\\Users\\haile\\2f-admin-merge\\node_modules\\next\\src\\server\\next-server.ts:756:28)\n' +
    '    at async DevServer.findPageComponents (C:\\Users\\haile\\2f-admin-merge\\node_modules\\next\\src\\server\\dev\\next-dev-server.ts:835:14)\n' +
    '    at async DevServer.renderPageComponent (C:\\Users\\haile\\2f-admin-merge\\node_modules\\next\\src\\server\\base-server.ts:3027:20)\n' +
    '    at async DevServer.renderToResponseImpl (C:\\Users\\haile\\2f-admin-merge\\node_modules\\next\\src\\server\\base-server.ts:3102:24)\n' +
    '    at async DevServer.pipeImpl (C:\\Users\\haile\\2f-admin-merge\\node_modules\\next\\src\\server\\base-server.ts:1544:21)\n' +
    '    at async DevServer.NextNodeServer.handleCatchallRenderRequest (C:\\Users\\haile\\2f-admin-merge\\node_modules\\next\\src\\server\\next-server.ts:1007:7)\n' +
    '    at async DevServer.handleRequestImpl (C:\\Users\\haile\\2f-admin-merge\\node_modules\\next\\src\\server\\base-server.ts:1325:9)\n' +
    '    at async C:\\Users\\haile\\2f-admin-merge\\node_modules\\next\\src\\server\\dev\\next-dev-server.ts:461:14\n' +
    '    at async Span.traceAsyncFn (C:\\Users\\haile\\2f-admin-merge\\node_modules\\next\\src\\trace\\trace.ts:141:14)\n' +
    '    at async DevServer.handleRequest (C:\\Users\\haile\\2f-admin-merge\\node_modules\\next\\src\\server\\dev\\next-dev-server.ts:459:20)\n' +
    '    at async invokeRender (C:\\Users\\haile\\2f-admin-merge\\node_modules\\next\\src\\server\\lib\\router-server.ts:266:11)\n' +
    '    at async handleRequest (C:\\Users\\haile\\2f-admin-merge\\node_modules\\next\\src\\server\\lib\\router-server.ts:512:16)\n' +
    '    at async NextCustomServer.requestHandlerImpl [as requestHandler] (C:\\Users\\haile\\2f-admin-merge\\node_modules\\next\\src\\server\\lib\\router-server.ts:558:7)',
  timestamp: '2024-07-03T12:52:30.573Z'
}
{
  message: 'Info Info',
  level: 'info',
  timestamp: '2024-07-03T12:52:30.615Z'
}
{
  level: 'error',
  message: 'Some error',
  stack: 'Error: Some error\n' +
    '    at eval (webpack-internal:///(action-browser)/./src/utils/winston.ts:44:11)\n' +
    '    at Module.(action-browser)/./src/utils/winston.ts (C:\\Users\\haile\\2f-admin-merge\\.next\\server\\app\\admin\\page.js:1175:1)\n' +
    '    at __webpack_require__ (C:\\Users\\haile\\2f-admin-merge\\.next\\server\\webpack-runtime.js:33:43)\n' +
    '    at eval (webpack-internal:///(action-browser)/./src/actions/userActions.tsx:21:72)\n' +
    '    at Module.(action-browser)/./src/actions/userActions.tsx (C:\\Users\\haile\\2f-admin-merge\\.next\\server\\app\\admin\\page.js:742:1)\n' +
    '    at Function.__webpack_require__ (C:\\Users\\haile\\2f-admin-merge\\.next\\server\\webpack-runtime.js:33:43)\n' +
    '    at processTicksAndRejections (node:internal/process/task_queues:95:5)\n' +
    '    at async endpoint (webpack-internal:///(action-browser)/./node_modules/next/dist/build/webpack/loaders/next-flight-action-entry-loader.js?actions=%5B%5B%22C%3A%5C%5CUsers%5C%5Chaile%5C%5C2f-admin-merge%5C%5Csrc%5C%5Cactions%5C%5CchannelAction.ts%22%2C%5B%22countChannels%22%2C%22getChannelById%22%2C%22fetchChannels%22%2C%22allChannels%22%2C%22updateChannel%22%2C%22deleteChannel%22%2C%22createChannel%22%5D%5D%2C%5B%22C%3A%5C%5CUsers%5C%5Chaile%5C%5C2f-admin-merge%5C%5Csrc%5C%5Cactions%5C%5CprogramActions.tsx%22%2C%5B%22getProgramById%22%2C%22countPrograms%22%2C%22deleteProgram%22%2C%22updateProgram%22%2C%22createProgram%22%2C%22fetchPrograms%22%2C%22allPrograms%22%5D%5D%2C%5B%22C%3A%5C%5CUsers%5C%5Chaile%5C%5C2f-admin-merge%5C%5Csrc%5C%5Cactions%5C%5CuserActions.tsx%22%2C%5B%22updateUser%22%2C%22deleteUser%22%2C%22getAllPermissions%22%2C%22usersCount%22%2C%22getUser%22%2C%22createUser%22%2C%22createRole%22%2C%22getAllUsers%22%2C%22getUserById%22%5D%5D%5D&__client_imported__=true!:29:18)\n' +
    '    at async webpack://next/./dist/esm/server/app-render/action-handler.js:467:31\n' +
    '    at async rw (webpack://next/./dist/esm/server/app-render/action-handler.js:309:9)\n' +
    '    at async r4 (webpack://next/./dist/esm/server/app-render/app-render.js:827:33)\n' +
    '    at async doRender (C:\\Users\\haile\\2f-admin-merge\\node_modules\\next\\src\\server\\base-server.ts:2352:20)\n' +
    '    at async cacheEntry.responseCache.get.routeKind (C:\\Users\\haile\\2f-admin-merge\\node_modules\\next\\src\\server\\base-server.ts:2591:24)\n' +
    '    at async DevServer.renderToResponseWithComponentsImpl (C:\\Users\\haile\\2f-admin-merge\\node_modules\\next\\src\\server\\base-server.ts:2454:24)\n' +
    '    at async DevServer.renderPageComponent (C:\\Users\\haile\\2f-admin-merge\\node_modules\\next\\src\\server\\base-server.ts:3040:16)\n' +
    '    at async DevServer.renderToResponseImpl (C:\\Users\\haile\\2f-admin-merge\\node_modules\\next\\src\\server\\base-server.ts:3102:24)\n' +
    '    at async DevServer.pipeImpl (C:\\Users\\haile\\2f-admin-merge\\node_modules\\next\\src\\server\\base-server.ts:1544:21)\n' +
    '    at async DevServer.NextNodeServer.handleCatchallRenderRequest (C:\\Users\\haile\\2f-admin-merge\\node_modules\\next\\src\\server\\next-server.ts:1007:7)\n' +
    '    at async DevServer.handleRequestImpl (C:\\Users\\haile\\2f-admin-merge\\node_modules\\next\\src\\server\\base-server.ts:1325:9)\n' +
    '    at async C:\\Users\\haile\\2f-admin-merge\\node_modules\\next\\src\\server\\dev\\next-dev-server.ts:461:14\n' +
    '    at async Span.traceAsyncFn (C:\\Users\\haile\\2f-admin-merge\\node_modules\\next\\src\\trace\\trace.ts:141:14)\n' +
    '    at async DevServer.handleRequest (C:\\Users\\haile\\2f-admin-merge\\node_modules\\next\\src\\server\\dev\\next-dev-server.ts:459:20)\n' +
    '    at async invokeRender (C:\\Users\\haile\\2f-admin-merge\\node_modules\\next\\src\\server\\lib\\router-server.ts:266:11)\n' +
    '    at async handleRequest (C:\\Users\\haile\\2f-admin-merge\\node_modules\\next\\src\\server\\lib\\router-server.ts:512:16)\n' +
    '    at async NextCustomServer.requestHandlerImpl [as requestHandler] (C:\\Users\\haile\\2f-admin-merge\\node_modules\\next\\src\\server\\lib\\router-server.ts:558:7)',
  timestamp: '2024-07-03T12:52:31.311Z'
}
{
  message: 'Info Info',
  level: 'info',
  timestamp: '2024-07-03T12:52:31.323Z'
}
{
  level: 'error',
  message: 'Some error',
  stack: 'Error: Some error\n' +
    '    at eval (webpack-internal:///(rsc)/./src/utils/winston.ts:44:11)\n' +
    '    at Module.(rsc)/./src/utils/winston.ts (C:\\Users\\haile\\2f-admin-merge\\.next\\server\\app\\api\\auth\\[...nextauth]\\route.js:292:1)\n' +
    '    at __webpack_require__ (C:\\Users\\haile\\2f-admin-merge\\.next\\server\\webpack-runtime.js:33:43)\n' +
    '    at eval (webpack-internal:///(rsc)/./src/app/api/auth/[...nextauth]/options.ts:10:72)\n' +
    '    at Module.(rsc)/./src/app/api/auth/[...nextauth]/options.ts (C:\\Users\\haile\\2f-admin-merge\\.next\\server\\app\\api\\auth\\[...nextauth]\\route.js:262:1)\n' +
    '    at __webpack_require__ (C:\\Users\\haile\\2f-admin-merge\\.next\\server\\webpack-runtime.js:33:43)\n' +
    '    at eval (webpack-internal:///(rsc)/./src/app/api/auth/[...nextauth]/route.ts:8:66)\n' +
    '    at Module.(rsc)/./src/app/api/auth/[...nextauth]/route.ts (C:\\Users\\haile\\2f-admin-merge\\.next\\server\\app\\api\\auth\\[...nextauth]\\route.js:272:1)\n' +
    '    at __webpack_require__ (C:\\Users\\haile\\2f-admin-merge\\.next\\server\\webpack-runtime.js:33:43)\n' +
    '    at eval (webpack-internal:///(rsc)/./node_modules/next/dist/build/webpack/loaders/next-app-loader.js?name=app%2Fapi%2Fauth%2F%5B...nextauth%5D%2Froute&page=%2Fapi%2Fauth%2F%5B...nextauth%5D%2Froute&appPaths=&pagePath=private-next-app-dir%2Fapi%2Fauth%2F%5B...nextauth%5D%2Froute.ts&appDir=C%3A%5CUsers%5Chaile%5C2f-admin-merge%5Csrc%5Capp&pageExtensions=tsx&pageExtensions=ts&pageExtensions=jsx&pageExtensions=js&rootDir=C%3A%5CUsers%5Chaile%5C2f-admin-merge&isDev=true&tsconfigPath=tsconfig.json&basePath=&assetPrefix=&nextConfigOutput=&preferredRegion=&middlewareConfig=e30%3D!:15:121)',
  timestamp: '2024-07-03T12:52:32.458Z'
}
{
  message: 'Info Info',
  level: 'info',
  timestamp: '2024-07-03T12:52:32.486Z'
}
{
  level: 'error',
  message: 'Some error',
  stack: 'Error: Some error\n' +
    '    at eval (webpack-internal:///(rsc)/./src/utils/winston.ts:44:11)\n' +
    '    at Module.(rsc)/./src/utils/winston.ts (C:\\Users\\haile\\2f-admin-merge\\.next\\server\\app\\api\\auth\\[...nextauth]\\route.js:292:1)\n' +
    '    at __webpack_require__ (C:\\Users\\haile\\2f-admin-merge\\.next\\server\\webpack-runtime.js:33:43)\n' +
    '    at eval (webpack-internal:///(rsc)/./src/app/api/auth/[...nextauth]/options.ts:10:72)\n' +
    '    at Module.(rsc)/./src/app/api/auth/[...nextauth]/options.ts (C:\\Users\\haile\\2f-admin-merge\\.next\\server\\app\\api\\auth\\[...nextauth]\\route.js:262:1)\n' +
    '    at __webpack_require__ (C:\\Users\\haile\\2f-admin-merge\\.next\\server\\webpack-runtime.js:33:43)\n' +
    '    at eval (webpack-internal:///(rsc)/./src/app/api/auth/[...nextauth]/route.ts:8:66)\n' +
    '    at Module.(rsc)/./src/app/api/auth/[...nextauth]/route.ts (C:\\Users\\haile\\2f-admin-merge\\.next\\server\\app\\api\\auth\\[...nextauth]\\route.js:272:1)\n' +
    '    at __webpack_require__ (C:\\Users\\haile\\2f-admin-merge\\.next\\server\\webpack-runtime.js:33:43)\n' +
    '    at eval (webpack-internal:///(rsc)/./node_modules/next/dist/build/webpack/loaders/next-app-loader.js?name=app%2Fapi%2Fauth%2F%5B...nextauth%5D%2Froute&page=%2Fapi%2Fauth%2F%5B...nextauth%5D%2Froute&appPaths=&pagePath=private-next-app-dir%2Fapi%2Fauth%2F%5B...nextauth%5D%2Froute.ts&appDir=C%3A%5CUsers%5Chaile%5C2f-admin-merge%5Csrc%5Capp&pageExtensions=tsx&pageExtensions=ts&pageExtensions=jsx&pageExtensions=js&rootDir=C%3A%5CUsers%5Chaile%5C2f-admin-merge&isDev=true&tsconfigPath=tsconfig.json&basePath=&assetPrefix=&nextConfigOutput=&preferredRegion=&middlewareConfig=e30%3D!:15:121)',
  timestamp: '2024-07-03T12:53:08.022Z'
}
{
  message: 'Info Info',
  level: 'info',
  timestamp: '2024-07-03T12:53:08.033Z'
}
{
  message: '{"user":{"id":"d024990d-1781-458d-a3a5-3e5113a4423f","email":"admin@email.com","name":"admin","password":"$2b$10$LXGz0MHHSXEOBOSc7uoTzeCP7Nd0iOVrDWvxEI980Nzrl4zP0Cyxm","roleId":1,"createdAt":"2024-07-02T12:58:31.784Z","updatedAt":"2024-07-02T12:58:31.784Z","role":{"id":1,"name":"Admin","createdAt":"2024-07-02T12:55:02.345Z","updatedAt":"2024-07-02T12:55:02.345Z","permissions":[{"id":1,"roleId":1,"permissionId":1,"permission":{"id":1,"name":"Manage All","action":"manage","subject":"all","inverted":false,"condition":null,"reason":null,"fields":null,"createdAt":"2024-07-02T12:40:11.524Z","updatedAt":"2024-07-02T12:40:11.524Z"}}]}}}',
  level: 'info',
  timestamp: '2024-07-03T12:53:21.984Z'
}
{
  level: 'error',
  message: 'Some error',
  stack: 'Error: Some error\n' +
    '    at eval (webpack-internal:///(rsc)/./src/utils/winston.ts:44:11)\n' +
    '    at Module.(rsc)/./src/utils/winston.ts (C:\\Users\\haile\\2f-admin-merge\\.next\\server\\app\\api\\auth\\[...nextauth]\\route.js:292:1)\n' +
    '    at __webpack_require__ (C:\\Users\\haile\\2f-admin-merge\\.next\\server\\webpack-runtime.js:33:43)\n' +
    '    at eval (webpack-internal:///(rsc)/./src/app/api/auth/[...nextauth]/options.ts:10:72)\n' +
    '    at Module.(rsc)/./src/app/api/auth/[...nextauth]/options.ts (C:\\Users\\haile\\2f-admin-merge\\.next\\server\\app\\api\\auth\\[...nextauth]\\route.js:262:1)\n' +
    '    at __webpack_require__ (C:\\Users\\haile\\2f-admin-merge\\.next\\server\\webpack-runtime.js:33:43)\n' +
    '    at eval (webpack-internal:///(rsc)/./src/app/api/auth/[...nextauth]/route.ts:8:66)\n' +
    '    at Module.(rsc)/./src/app/api/auth/[...nextauth]/route.ts (C:\\Users\\haile\\2f-admin-merge\\.next\\server\\app\\api\\auth\\[...nextauth]\\route.js:272:1)\n' +
    '    at __webpack_require__ (C:\\Users\\haile\\2f-admin-merge\\.next\\server\\webpack-runtime.js:33:43)\n' +
    '    at eval (webpack-internal:///(rsc)/./node_modules/next/dist/build/webpack/loaders/next-app-loader.js?name=app%2Fapi%2Fauth%2F%5B...nextauth%5D%2Froute&page=%2Fapi%2Fauth%2F%5B...nextauth%5D%2Froute&appPaths=&pagePath=private-next-app-dir%2Fapi%2Fauth%2F%5B...nextauth%5D%2Froute.ts&appDir=C%3A%5CUsers%5Chaile%5C2f-admin-merge%5Csrc%5Capp&pageExtensions=tsx&pageExtensions=ts&pageExtensions=jsx&pageExtensions=js&rootDir=C%3A%5CUsers%5Chaile%5C2f-admin-merge&isDev=true&tsconfigPath=tsconfig.json&basePath=&assetPrefix=&nextConfigOutput=&preferredRegion=&middlewareConfig=e30%3D!:15:121)',
  timestamp: '2024-07-03T12:53:22.045Z'
}
{
  message: 'Info Info',
  level: 'info',
  timestamp: '2024-07-03T12:53:22.063Z'
}
{
  level: 'error',
  message: 'Some error',
  stack: 'Error: Some error\n' +
    '    at eval (webpack-internal:///(rsc)/./src/utils/winston.ts:44:11)\n' +
    '    at Module.(rsc)/./src/utils/winston.ts (C:\\Users\\haile\\2f-admin-merge\\.next\\server\\app\\api\\auth\\[...nextauth]\\route.js:292:1)\n' +
    '    at __webpack_require__ (C:\\Users\\haile\\2f-admin-merge\\.next\\server\\webpack-runtime.js:33:43)\n' +
    '    at eval (webpack-internal:///(rsc)/./src/app/api/auth/[...nextauth]/options.ts:10:72)\n' +
    '    at Module.(rsc)/./src/app/api/auth/[...nextauth]/options.ts (C:\\Users\\haile\\2f-admin-merge\\.next\\server\\app\\api\\auth\\[...nextauth]\\route.js:262:1)\n' +
    '    at __webpack_require__ (C:\\Users\\haile\\2f-admin-merge\\.next\\server\\webpack-runtime.js:33:43)\n' +
    '    at eval (webpack-internal:///(rsc)/./src/app/api/auth/[...nextauth]/route.ts:8:66)\n' +
    '    at Module.(rsc)/./src/app/api/auth/[...nextauth]/route.ts (C:\\Users\\haile\\2f-admin-merge\\.next\\server\\app\\api\\auth\\[...nextauth]\\route.js:272:1)\n' +
    '    at __webpack_require__ (C:\\Users\\haile\\2f-admin-merge\\.next\\server\\webpack-runtime.js:33:43)\n' +
    '    at eval (webpack-internal:///(rsc)/./node_modules/next/dist/build/webpack/loaders/next-app-loader.js?name=app%2Fapi%2Fauth%2F%5B...nextauth%5D%2Froute&page=%2Fapi%2Fauth%2F%5B...nextauth%5D%2Froute&appPaths=&pagePath=private-next-app-dir%2Fapi%2Fauth%2F%5B...nextauth%5D%2Froute.ts&appDir=C%3A%5CUsers%5Chaile%5C2f-admin-merge%5Csrc%5Capp&pageExtensions=tsx&pageExtensions=ts&pageExtensions=jsx&pageExtensions=js&rootDir=C%3A%5CUsers%5Chaile%5C2f-admin-merge&isDev=true&tsconfigPath=tsconfig.json&basePath=&assetPrefix=&nextConfigOutput=&preferredRegion=&middlewareConfig=e30%3D!:15:121)',
  timestamp: '2024-07-03T12:53:27.900Z'
}
{
  message: 'Info Info',
  level: 'info',
  timestamp: '2024-07-03T12:53:27.924Z'
}
{
  message: '{"user":{"id":"d024990d-1781-458d-a3a5-3e5113a4423f","email":"admin@email.com","name":"admin","password":"$2b$10$LXGz0MHHSXEOBOSc7uoTzeCP7Nd0iOVrDWvxEI980Nzrl4zP0Cyxm","roleId":1,"createdAt":"2024-07-02T12:58:31.784Z","updatedAt":"2024-07-02T12:58:31.784Z","role":{"id":1,"name":"Admin","createdAt":"2024-07-02T12:55:02.345Z","updatedAt":"2024-07-02T12:55:02.345Z","permissions":[{"id":1,"roleId":1,"permissionId":1,"permission":{"id":1,"name":"Manage All","action":"manage","subject":"all","inverted":false,"condition":null,"reason":null,"fields":null,"createdAt":"2024-07-02T12:40:11.524Z","updatedAt":"2024-07-02T12:40:11.524Z"}}]}}}',
  level: 'info',
  timestamp: '2024-07-03T12:54:20.872Z'
}
{
  message: '{"user":{"id":"d024990d-1781-458d-a3a5-3e5113a4423f","email":"admin@email.com","name":"admin","password":"$2b$10$LXGz0MHHSXEOBOSc7uoTzeCP7Nd0iOVrDWvxEI980Nzrl4zP0Cyxm","roleId":1,"createdAt":"2024-07-02T12:58:31.784Z","updatedAt":"2024-07-02T12:58:31.784Z","role":{"id":1,"name":"Admin","createdAt":"2024-07-02T12:55:02.345Z","updatedAt":"2024-07-02T12:55:02.345Z","permissions":[{"id":1,"roleId":1,"permissionId":1,"permission":{"id":1,"name":"Manage All","action":"manage","subject":"all","inverted":false,"condition":null,"reason":null,"fields":null,"createdAt":"2024-07-02T12:40:11.524Z","updatedAt":"2024-07-02T12:40:11.524Z"}}]}}}',
  level: 'info',
  timestamp: '2024-07-03T12:56:03.988Z'
}
